<?xml version="1.0" encoding="UTF-8"?>
<coverage generated="1669732662988" clover="3.2.0">
  <project timestamp="1669732662988" name="All files">
    <metrics statements="59" coveredstatements="59" conditionals="21" coveredconditionals="21" methods="10" coveredmethods="10" elements="90" coveredelements="90" complexity="0" loc="59" ncloc="59" packages="1" files="2" classes="2"/>
    <file name="Calculator.jsx" path="/home/matias/Escritorio/Test_vitest/src/Calculator.jsx">
      <metrics statements="38" coveredstatements="38" conditionals="12" coveredconditionals="12" methods="9" coveredmethods="9"/>
      <line num="1" count="1" type="stmt"/>
      <line num="2" count="1" type="stmt"/>
      <line num="3" count="1" type="stmt"/>
      <line num="4" count="1" type="cond" truecount="1" falsecount="0"/>
      <line num="5" count="1" type="stmt"/>
      <line num="6" count="1" type="stmt"/>
      <line num="7" count="1" type="stmt"/>
      <line num="8" count="1" type="stmt"/>
      <line num="9" count="1" type="stmt"/>
      <line num="10" count="1" type="stmt"/>
      <line num="11" count="1" type="cond" truecount="1" falsecount="0"/>
      <line num="12" count="1" type="cond" truecount="1" falsecount="0"/>
      <line num="13" count="1" type="stmt"/>
      <line num="14" count="1" type="cond" truecount="1" falsecount="0"/>
      <line num="15" count="23" type="stmt"/>
      <line num="16" count="23" type="stmt"/>
      <line num="17" count="23" type="cond" truecount="1" falsecount="0"/>
      <line num="18" count="10" type="stmt"/>
      <line num="19" count="10" type="stmt"/>
      <line num="20" count="23" type="stmt"/>
      <line num="21" count="23" type="stmt"/>
      <line num="22" count="23" type="stmt"/>
      <line num="23" count="23" type="stmt"/>
      <line num="24" count="23" type="stmt"/>
      <line num="25" count="23" type="stmt"/>
      <line num="26" count="23" type="cond" truecount="1" falsecount="0"/>
      <line num="27" count="88" type="stmt"/>
      <line num="28" count="88" type="cond" truecount="2" falsecount="0"/>
      <line num="29" count="88" type="stmt"/>
      <line num="30" count="23" type="stmt"/>
      <line num="31" count="23" type="stmt"/>
      <line num="32" count="23" type="cond" truecount="1" falsecount="0"/>
      <line num="33" count="88" type="cond" truecount="1" falsecount="0"/>
      <line num="34" count="88" type="stmt"/>
      <line num="35" count="23" type="cond" truecount="1" falsecount="0"/>
      <line num="36" count="23" type="stmt"/>
      <line num="37" count="23" type="stmt"/>
      <line num="38" count="11" type="cond" truecount="1" falsecount="0"/>
    </file>
    <file name="fizzbuzz.js" path="/home/matias/Escritorio/Test_vitest/src/fizzbuzz.js">
      <metrics statements="21" coveredstatements="21" conditionals="9" coveredconditionals="9" methods="1" coveredmethods="1"/>
      <line num="1" count="1" type="stmt"/>
      <line num="2" count="1" type="stmt"/>
      <line num="3" count="1" type="stmt"/>
      <line num="4" count="1" type="stmt"/>
      <line num="5" count="1" type="stmt"/>
      <line num="6" count="1" type="stmt"/>
      <line num="7" count="1" type="stmt"/>
      <line num="8" count="1" type="stmt"/>
      <line num="9" count="1" type="cond" truecount="1" falsecount="0"/>
      <line num="10" count="7" type="cond" truecount="1" falsecount="0"/>
      <line num="11" count="7" type="cond" truecount="2" falsecount="0"/>
      <line num="12" count="4" type="cond" truecount="1" falsecount="0"/>
      <line num="13" count="4" type="stmt"/>
      <line num="14" count="4" type="stmt"/>
      <line num="15" count="4" type="stmt"/>
      <line num="16" count="4" type="cond" truecount="1" falsecount="0"/>
      <line num="17" count="8" type="cond" truecount="1" falsecount="0"/>
      <line num="18" count="4" type="stmt"/>
      <line num="19" count="4" type="stmt"/>
      <line num="20" count="7" type="cond" truecount="2" falsecount="0"/>
      <line num="21" count="7" type="stmt"/>
    </file>
  </project>
</coverage>
