{"/home/matias/Escritorio/Test_vitest/src/Calculator.jsx": {"path":"/home/matias/Escritorio/Test_vitest/src/Calculator.jsx","all":false,"statementMap":{"0":{"start":{"line":1,"column":0},"end":{"line":1,"column":40}},"1":{"start":{"line":2,"column":0},"end":{"line":2,"column":83}},"2":{"start":{"line":3,"column":0},"end":{"line":3,"column":0}},"3":{"start":{"line":4,"column":0},"end":{"line":4,"column":54}},"4":{"start":{"line":5,"column":0},"end":{"line":5,"column":21}},"5":{"start":{"line":6,"column":0},"end":{"line":6,"column":14}},"6":{"start":{"line":7,"column":0},"end":{"line":7,"column":14}},"7":{"start":{"line":8,"column":0},"end":{"line":8,"column":14}},"8":{"start":{"line":9,"column":0},"end":{"line":9,"column":7}},"9":{"start":{"line":10,"column":0},"end":{"line":10,"column":2}},"10":{"start":{"line":11,"column":0},"end":{"line":11,"column":47}},"11":{"start":{"line":12,"column":0},"end":{"line":12,"column":29}},"12":{"start":{"line":13,"column":0},"end":{"line":13,"column":0}},"13":{"start":{"line":14,"column":0},"end":{"line":14,"column":33}},"14":{"start":{"line":15,"column":0},"end":{"line":15,"column":43}},"15":{"start":{"line":16,"column":0},"end":{"line":16,"column":0}},"16":{"start":{"line":17,"column":0},"end":{"line":17,"column":39}},"17":{"start":{"line":18,"column":0},"end":{"line":18,"column":35}},"18":{"start":{"line":19,"column":0},"end":{"line":19,"column":6}},"19":{"start":{"line":20,"column":0},"end":{"line":20,"column":0}},"20":{"start":{"line":21,"column":0},"end":{"line":21,"column":12}},"21":{"start":{"line":22,"column":0},"end":{"line":22,"column":17}},"22":{"start":{"line":23,"column":0},"end":{"line":23,"column":31}},"23":{"start":{"line":24,"column":0},"end":{"line":24,"column":44}},"24":{"start":{"line":25,"column":0},"end":{"line":25,"column":29}},"25":{"start":{"line":26,"column":0},"end":{"line":26,"column":43}},"26":{"start":{"line":27,"column":0},"end":{"line":27,"column":48}},"27":{"start":{"line":28,"column":0},"end":{"line":28,"column":125}},"28":{"start":{"line":29,"column":0},"end":{"line":29,"column":26}},"29":{"start":{"line":30,"column":0},"end":{"line":30,"column":19}},"30":{"start":{"line":31,"column":0},"end":{"line":31,"column":18}},"31":{"start":{"line":32,"column":0},"end":{"line":32,"column":42}},"32":{"start":{"line":33,"column":0},"end":{"line":33,"column":106}},"33":{"start":{"line":34,"column":0},"end":{"line":34,"column":15}},"34":{"start":{"line":35,"column":0},"end":{"line":35,"column":82}},"35":{"start":{"line":36,"column":0},"end":{"line":36,"column":18}},"36":{"start":{"line":37,"column":0},"end":{"line":37,"column":6}},"37":{"start":{"line":38,"column":0},"end":{"line":38,"column":2}}},"s":{"0":1,"1":1,"2":1,"3":1,"4":1,"5":1,"6":1,"7":1,"8":1,"9":1,"10":1,"11":1,"12":1,"13":1,"14":23,"15":23,"16":23,"17":10,"18":10,"19":23,"20":23,"21":23,"22":23,"23":23,"24":23,"25":23,"26":88,"27":88,"28":88,"29":23,"30":23,"31":23,"32":88,"33":88,"34":23,"35":23,"36":23,"37":11},"branchMap":{"0":{"type":"branch","line":4,"loc":{"start":{"line":4,"column":52},"end":{"line":4,"column":54}},"locations":[{"start":{"line":4,"column":52},"end":{"line":4,"column":54}}]},"1":{"type":"branch","line":11,"loc":{"start":{"line":11,"column":45},"end":{"line":11,"column":47}},"locations":[{"start":{"line":11,"column":45},"end":{"line":11,"column":47}}]},"2":{"type":"branch","line":12,"loc":{"start":{"line":12,"column":25},"end":{"line":12,"column":29}},"locations":[{"start":{"line":12,"column":25},"end":{"line":12,"column":29}}]},"3":{"type":"branch","line":14,"loc":{"start":{"line":14,"column":26},"end":{"line":38,"column":2}},"locations":[{"start":{"line":14,"column":26},"end":{"line":38,"column":2}}]},"4":{"type":"branch","line":17,"loc":{"start":{"line":17,"column":31},"end":{"line":19,"column":6}},"locations":[{"start":{"line":17,"column":31},"end":{"line":19,"column":6}}]},"5":{"type":"branch","line":26,"loc":{"start":{"line":26,"column":27},"end":{"line":30,"column":18}},"locations":[{"start":{"line":26,"column":27},"end":{"line":30,"column":18}}]},"6":{"type":"branch","line":28,"loc":{"start":{"line":28,"column":33},"end":{"line":28,"column":124}},"locations":[{"start":{"line":28,"column":33},"end":{"line":28,"column":124}}]},"7":{"type":"branch","line":28,"loc":{"start":{"line":28,"column":60},"end":{"line":28,"column":92}},"locations":[{"start":{"line":28,"column":60},"end":{"line":28,"column":92}}]},"8":{"type":"branch","line":32,"loc":{"start":{"line":32,"column":28},"end":{"line":34,"column":15}},"locations":[{"start":{"line":32,"column":28},"end":{"line":34,"column":15}}]},"9":{"type":"branch","line":33,"loc":{"start":{"line":33,"column":33},"end":{"line":33,"column":68}},"locations":[{"start":{"line":33,"column":33},"end":{"line":33,"column":68}}]},"10":{"type":"branch","line":35,"loc":{"start":{"line":35,"column":29},"end":{"line":35,"column":61}},"locations":[{"start":{"line":35,"column":29},"end":{"line":35,"column":61}}]},"11":{"type":"branch","line":38,"loc":{"start":{"line":38,"column":0},"end":{"line":38,"column":2}},"locations":[{"start":{"line":38,"column":0},"end":{"line":38,"column":2}}]}},"b":{"0":[1],"1":[1],"2":[1],"3":[23],"4":[10],"5":[88],"6":[220],"7":[8],"8":[88],"9":[2],"10":[1],"11":[11]},"fnMap":{"0":{"name":"get","decl":{"start":{"line":4,"column":52},"end":{"line":4,"column":54}},"loc":{"start":{"line":4,"column":52},"end":{"line":4,"column":54}},"line":4},"1":{"name":"get","decl":{"start":{"line":11,"column":45},"end":{"line":11,"column":47}},"loc":{"start":{"line":11,"column":45},"end":{"line":11,"column":47}},"line":11},"2":{"name":"get","decl":{"start":{"line":12,"column":25},"end":{"line":12,"column":29}},"loc":{"start":{"line":12,"column":25},"end":{"line":12,"column":29}},"line":12},"3":{"name":"Calculator","decl":{"start":{"line":14,"column":26},"end":{"line":38,"column":2}},"loc":{"start":{"line":14,"column":26},"end":{"line":38,"column":2}},"line":14},"4":{"name":"createHandleClick","decl":{"start":{"line":17,"column":31},"end":{"line":19,"column":6}},"loc":{"start":{"line":17,"column":31},"end":{"line":19,"column":6}},"line":17},"5":{"name":"onClick","decl":{"start":{"line":28,"column":60},"end":{"line":28,"column":92}},"loc":{"start":{"line":28,"column":60},"end":{"line":28,"column":92}},"line":28},"6":{"name":"onClick","decl":{"start":{"line":33,"column":33},"end":{"line":33,"column":68}},"loc":{"start":{"line":33,"column":33},"end":{"line":33,"column":68}},"line":33},"7":{"name":"onClick","decl":{"start":{"line":35,"column":29},"end":{"line":35,"column":61}},"loc":{"start":{"line":35,"column":29},"end":{"line":35,"column":61}},"line":35},"8":{"name":"get","decl":{"start":{"line":38,"column":0},"end":{"line":38,"column":2}},"loc":{"start":{"line":38,"column":0},"end":{"line":38,"column":2}},"line":38}},"f":{"0":1,"1":1,"2":1,"3":23,"4":10,"5":8,"6":2,"7":1,"8":11}}
,"/home/matias/Escritorio/Test_vitest/src/fizzbuzz.js": {"path":"/home/matias/Escritorio/Test_vitest/src/fizzbuzz.js","all":false,"statementMap":{"0":{"start":{"line":1,"column":0},"end":{"line":1,"column":2}},"1":{"start":{"line":2,"column":0},"end":{"line":2,"column":46}},"2":{"start":{"line":3,"column":0},"end":{"line":3,"column":37}},"3":{"start":{"line":4,"column":0},"end":{"line":4,"column":37}},"4":{"start":{"line":5,"column":0},"end":{"line":5,"column":45}},"5":{"start":{"line":6,"column":0},"end":{"line":6,"column":67}},"6":{"start":{"line":7,"column":0},"end":{"line":7,"column":2}},"7":{"start":{"line":8,"column":0},"end":{"line":8,"column":0}},"8":{"start":{"line":9,"column":0},"end":{"line":9,"column":37}},"9":{"start":{"line":10,"column":0},"end":{"line":10,"column":76}},"10":{"start":{"line":11,"column":0},"end":{"line":11,"column":70}},"11":{"start":{"line":12,"column":0},"end":{"line":12,"column":0}},"12":{"start":{"line":13,"column":0},"end":{"line":13,"column":48}},"13":{"start":{"line":14,"column":0},"end":{"line":14,"column":20}},"14":{"start":{"line":15,"column":0},"end":{"line":15,"column":0}},"15":{"start":{"line":16,"column":0},"end":{"line":16,"column":60}},"16":{"start":{"line":17,"column":0},"end":{"line":17,"column":54}},"17":{"start":{"line":18,"column":0},"end":{"line":18,"column":7}},"18":{"start":{"line":19,"column":0},"end":{"line":19,"column":0}},"19":{"start":{"line":20,"column":0},"end":{"line":20,"column":43}},"20":{"start":{"line":21,"column":0},"end":{"line":21,"column":2}}},"s":{"0":1,"1":1,"2":1,"3":1,"4":1,"5":1,"6":1,"7":1,"8":1,"9":7,"10":7,"11":4,"12":4,"13":4,"14":4,"15":4,"16":8,"17":4,"18":4,"19":7,"20":7},"branchMap":{"0":{"type":"branch","line":9,"loc":{"start":{"line":9,"column":25},"end":{"line":21,"column":2}},"locations":[{"start":{"line":9,"column":25},"end":{"line":21,"column":2}}]},"1":{"type":"branch","line":10,"loc":{"start":{"line":10,"column":37},"end":{"line":10,"column":76}},"locations":[{"start":{"line":10,"column":37},"end":{"line":10,"column":76}}]},"2":{"type":"branch","line":11,"loc":{"start":{"line":11,"column":-1},"end":{"line":11,"column":31}},"locations":[{"start":{"line":11,"column":-1},"end":{"line":11,"column":31}}]},"3":{"type":"branch","line":11,"loc":{"start":{"line":11,"column":31},"end":{"line":11,"column":70}},"locations":[{"start":{"line":11,"column":31},"end":{"line":11,"column":70}}]},"4":{"type":"branch","line":12,"loc":{"start":{"line":12,"column":-1},"end":{"line":20,"column":26}},"locations":[{"start":{"line":12,"column":-1},"end":{"line":20,"column":26}}]},"5":{"type":"branch","line":20,"loc":{"start":{"line":20,"column":26},"end":{"line":20,"column":34}},"locations":[{"start":{"line":20,"column":26},"end":{"line":20,"column":34}}]},"6":{"type":"branch","line":20,"loc":{"start":{"line":20,"column":35},"end":{"line":20,"column":43}},"locations":[{"start":{"line":20,"column":35},"end":{"line":20,"column":43}}]},"7":{"type":"branch","line":16,"loc":{"start":{"line":16,"column":36},"end":{"line":18,"column":6}},"locations":[{"start":{"line":16,"column":36},"end":{"line":18,"column":6}}]},"8":{"type":"branch","line":17,"loc":{"start":{"line":17,"column":40},"end":{"line":18,"column":2}},"locations":[{"start":{"line":17,"column":40},"end":{"line":18,"column":2}}]}},"b":{"0":[7],"1":[2],"2":[5],"3":[1],"4":[4],"5":[1],"6":[3],"7":[8],"8":[4]},"fnMap":{"0":{"name":"fizzbuzz","decl":{"start":{"line":9,"column":25},"end":{"line":21,"column":2}},"loc":{"start":{"line":9,"column":25},"end":{"line":21,"column":2}},"line":9}},"f":{"0":7}}
}
